<?xml version="1.0" encoding="UTF-8"?>
<!-- Generated by org.testng.reporters.JUnitXMLReporter -->
<testsuite hostname="WGP9T10J095NAFZ" ignored="0" name="Default test" tests="3" failures="0" timestamp="18 五月 2018 07:07:55 GMT" time="0.186" errors="0">
  <testcase name="getBeijing_Succ" time="0.116" classname="doooly.testcase.test"/>
  <testcase name="getShangHai_Succ" time="0.014" classname="doooly.testcase.test"/>
  <testcase name="getSheZhen_Succ" time="0.013" classname="doooly.testcase.test"/>
</testsuite> <!-- Default test -->
